10:57:10 INFO  : Launching XSDB server: xsdb -n -interactive /home/brett/workspace/Vivado_WS/ethernet-fmc-network-tap/Vivado/zedboard_network_tap/zedboard_network_tap.sdk/temp_xsdb_launch_script.tcl
10:57:12 INFO  : XSDB server has started successfully.
10:57:12 INFO  : Processing command line option -hwspec /home/brett/workspace/Vivado_WS/ethernet-fmc-network-tap/Vivado/zedboard_network_tap/zedboard_network_tap.sdk/design_1_wrapper.hdf.
11:00:31 INFO  : Processor reset is completed for ps7_cortexa9_0
11:06:24 ERROR : Unexpected error while parsing XMD response ￿: com.google.gson.JsonSyntaxException: com.google.gson.stream.MalformedJsonException: invalid number or unquoted string near 
15:30:22 INFO  : Launching XSDB server: xsdb -n -interactive /home/brett/workspace/Vivado_WS/ethernet-fmc-network-tap/Vivado/zedboard_network_tap/zedboard_network_tap.sdk/temp_xsdb_launch_script.tcl
15:30:23 INFO  : XSDB server has started successfully.
15:30:24 INFO  : Processing command line option -hwspec /home/brett/workspace/Vivado_WS/ethernet-fmc-network-tap/Vivado/zedboard_network_tap/zedboard_network_tap.sdk/design_1_wrapper.hdf.
15:30:24 INFO  : Checking for hwspec changes in the project design_1_wrapper_hw_platform_0.
15:30:26 INFO  : SDK has detected change in the last modified timestamps for source hardware specification file Source:1470338961000,  Project:1470322520000
15:30:26 INFO  : The hardware specification for project 'design_1_wrapper_hw_platform_0' is different from /home/brett/workspace/Vivado_WS/ethernet-fmc-network-tap/Vivado/zedboard_network_tap/zedboard_network_tap.sdk/design_1_wrapper.hdf.
15:30:26 INFO  : Copied contents of /home/brett/workspace/Vivado_WS/ethernet-fmc-network-tap/Vivado/zedboard_network_tap/zedboard_network_tap.sdk/design_1_wrapper.hdf into /design_1_wrapper_hw_platform_0/system.hdf.
15:30:29 INFO  : Synchronizing projects in the workspace with the hardware platform specification changes.
15:30:30 INFO  : 
15:30:31 INFO  : Updating hardware inferred compiler options for echo_server.
15:30:31 INFO  : Clearing existing target manager status.
15:30:44 INFO  : Processor reset is completed for ps7_cortexa9_0
15:41:08 INFO  : Processor reset is completed for ps7_cortexa9_0
16:01:41 ERROR : Unexpected error while parsing XMD response ￿: com.google.gson.JsonSyntaxException: com.google.gson.stream.MalformedJsonException: invalid number or unquoted string near 
16:54:51 INFO  : Launching XSDB server: xsdb -n -interactive /home/brett/workspace/Vivado_WS/ethernet-fmc-network-tap/Vivado/zedboard_network_tap/zedboard_network_tap.sdk/temp_xsdb_launch_script.tcl
16:54:52 INFO  : XSDB server has started successfully.
16:54:52 INFO  : Processing command line option -hwspec /home/brett/workspace/Vivado_WS/ethernet-fmc-network-tap/Vivado/zedboard_network_tap/zedboard_network_tap.sdk/design_1_wrapper.hdf.
16:54:52 INFO  : Checking for hwspec changes in the project design_1_wrapper_hw_platform_0.
16:54:54 INFO  : SDK has detected change in the last modified timestamps for source hardware specification file Source:1470344050000,  Project:1470338961000
16:54:54 INFO  : The hardware specification for project 'design_1_wrapper_hw_platform_0' is different from /home/brett/workspace/Vivado_WS/ethernet-fmc-network-tap/Vivado/zedboard_network_tap/zedboard_network_tap.sdk/design_1_wrapper.hdf.
16:54:54 INFO  : Copied contents of /home/brett/workspace/Vivado_WS/ethernet-fmc-network-tap/Vivado/zedboard_network_tap/zedboard_network_tap.sdk/design_1_wrapper.hdf into /design_1_wrapper_hw_platform_0/system.hdf.
16:55:04 INFO  : Synchronizing projects in the workspace with the hardware platform specification changes.
16:55:05 INFO  : 
16:55:06 INFO  : Updating hardware inferred compiler options for echo_server.
16:55:06 INFO  : Clearing existing target manager status.
16:55:14 INFO  : Connected to target on host '127.0.0.1' and port '3121'.
16:55:15 INFO  : 'targets -set -filter {jtag_cable_name =~ "Digilent Zed 210248445761" && level==0} -index 1' command is executed.
16:55:17 INFO  : FPGA configured successfully with bitstream "/home/brett/workspace/Vivado_WS/ethernet-fmc-network-tap/Vivado/zedboard_network_tap/zedboard_network_tap.sdk/design_1_wrapper_hw_platform_0/design_1_wrapper.bit"
16:55:22 INFO  : Processor reset is completed for ps7_cortexa9_0
17:11:53 ERROR : Unexpected error while parsing XMD response ￿: com.google.gson.JsonSyntaxException: com.google.gson.stream.MalformedJsonException: invalid number or unquoted string near 
17:12:13 INFO  : Launching XSDB server: xsdb -n -interactive /home/brett/workspace/Vivado_WS/ethernet-fmc-network-tap/Vivado/zedboard_network_tap/zedboard_network_tap.sdk/temp_xsdb_launch_script.tcl
17:12:14 INFO  : XSDB server has started successfully.
17:12:14 INFO  : Processing command line option -hwspec /home/brett/workspace/Vivado_WS/ethernet-fmc-network-tap/Vivado/zedboard_network_tap/zedboard_network_tap.sdk/design_1_wrapper.hdf.
17:12:14 INFO  : Checking for hwspec changes in the project design_1_wrapper_hw_platform_0.
17:12:16 INFO  : SDK has detected change in the last modified timestamps for source hardware specification file Source:1470345099000,  Project:1470344050000
17:12:16 INFO  : The hardware specification for project 'design_1_wrapper_hw_platform_0' is different from /home/brett/workspace/Vivado_WS/ethernet-fmc-network-tap/Vivado/zedboard_network_tap/zedboard_network_tap.sdk/design_1_wrapper.hdf.
17:12:16 INFO  : Copied contents of /home/brett/workspace/Vivado_WS/ethernet-fmc-network-tap/Vivado/zedboard_network_tap/zedboard_network_tap.sdk/design_1_wrapper.hdf into /design_1_wrapper_hw_platform_0/system.hdf.
17:12:25 INFO  : Synchronizing projects in the workspace with the hardware platform specification changes.
17:12:26 INFO  : 
17:12:27 INFO  : Updating hardware inferred compiler options for echo_server.
17:12:27 INFO  : Clearing existing target manager status.
17:12:35 INFO  : Connected to target on host '127.0.0.1' and port '3121'.
17:12:36 INFO  : 'targets -set -filter {jtag_cable_name =~ "Digilent Zed 210248445761" && level==0} -index 1' command is executed.
17:12:38 INFO  : FPGA configured successfully with bitstream "/home/brett/workspace/Vivado_WS/ethernet-fmc-network-tap/Vivado/zedboard_network_tap/zedboard_network_tap.sdk/design_1_wrapper_hw_platform_0/design_1_wrapper.bit"
17:12:43 INFO  : Processor reset is completed for ps7_cortexa9_0
17:31:39 INFO  : SDK has detected change in the last modified timestamps for source hardware specification file Source:1470346165000,  Project:1470345099000
17:31:39 INFO  : Project design_1_wrapper_hw_platform_0's source hardware specification located at /home/brett/workspace/Vivado_WS/ethernet-fmc-network-tap/Vivado/zedboard_network_tap/zedboard_network_tap.sdk/design_1_wrapper.hdf is now different from the local copy.
		 The local copy will be replaced with the source specification and your workspace will be updated.
17:31:41 INFO  : Project design_1_wrapper_hw_platform_0's source hardware specification location will not be monitored anymore.
17:31:42 ERROR : Unexpected error while parsing XMD response ￿: com.google.gson.JsonSyntaxException: com.google.gson.stream.MalformedJsonException: invalid number or unquoted string near 
17:31:58 INFO  : Launching XSDB server: xsdb -n -interactive /home/brett/workspace/Vivado_WS/ethernet-fmc-network-tap/Vivado/zedboard_network_tap/zedboard_network_tap.sdk/temp_xsdb_launch_script.tcl
17:31:59 INFO  : XSDB server has started successfully.
17:31:59 INFO  : Processing command line option -hwspec /home/brett/workspace/Vivado_WS/ethernet-fmc-network-tap/Vivado/zedboard_network_tap/zedboard_network_tap.sdk/design_1_wrapper.hdf.
17:32:49 INFO  : Launching XSDB server: xsdb -n -interactive /home/brett/workspace/Vivado_WS/ethernet-fmc-network-tap/Vivado/zedboard_network_tap/zedboard_network_tap.sdk/temp_xsdb_launch_script.tcl
17:32:50 INFO  : XSDB server has started successfully.
17:32:50 INFO  : Processing command line option -hwspec /home/brett/workspace/Vivado_WS/ethernet-fmc-network-tap/Vivado/zedboard_network_tap/zedboard_network_tap.sdk/design_1_wrapper.hdf.
17:33:10 INFO  : Connected to target on host '127.0.0.1' and port '3121'.
17:33:10 INFO  : 'targets -set -filter {jtag_cable_name =~ "Digilent Zed 210248445761" && level==0} -index 1' command is executed.
17:33:12 INFO  : FPGA configured successfully with bitstream "/home/brett/workspace/Vivado_WS/ethernet-fmc-network-tap/Vivado/zedboard_network_tap/zedboard_network_tap.sdk/design_1_wrapper_hw_platform_0/design_1_wrapper.bit"
17:33:27 INFO  : Processor reset is completed for ps7_cortexa9_0
17:40:44 ERROR : Unexpected error while parsing XMD response ￿: com.google.gson.JsonSyntaxException: com.google.gson.stream.MalformedJsonException: invalid number or unquoted string near 
17:44:34 INFO  : Launching XSDB server: xsdb -n -interactive /home/brett/workspace/Vivado_WS/ethernet-fmc-network-tap/Vivado/zedboard_network_tap/zedboard_network_tap.sdk/temp_xsdb_launch_script.tcl
17:44:35 INFO  : XSDB server has started successfully.
17:44:38 INFO  : Processing command line option -hwspec /home/brett/workspace/Vivado_WS/ethernet-fmc-network-tap/Vivado/zedboard_network_tap/zedboard_network_tap.sdk/design_1_wrapper.hdf.
17:44:39 INFO  : Checking for hwspec changes in the project design_1_wrapper_hw_platform_0.
17:44:39 INFO  : SDK has detected change in the last modified timestamps for source hardware specification file Source:1470346997000,  Project:1470346165000
17:44:39 INFO  : The hardware specification for project 'design_1_wrapper_hw_platform_0' is different from /home/brett/workspace/Vivado_WS/ethernet-fmc-network-tap/Vivado/zedboard_network_tap/zedboard_network_tap.sdk/design_1_wrapper.hdf.
17:44:39 INFO  : Copied contents of /home/brett/workspace/Vivado_WS/ethernet-fmc-network-tap/Vivado/zedboard_network_tap/zedboard_network_tap.sdk/design_1_wrapper.hdf into /design_1_wrapper_hw_platform_0/system.hdf.
17:44:43 INFO  : Synchronizing projects in the workspace with the hardware platform specification changes.
17:44:44 INFO  : 
17:44:45 INFO  : Updating hardware inferred compiler options for echo_server.
17:44:45 INFO  : Clearing existing target manager status.
17:44:46 INFO  : Closing and re-opening the MSS file of ther project echo_server_bsp
17:44:47 INFO  : Workspace synchronized with the new hardware specification file. Cleaning dependent projects...
17:44:48 WARN  : Linker script will not be updated automatically. Users need to update it manually.
17:45:02 INFO  : Connected to target on host '127.0.0.1' and port '3121'.
17:45:03 INFO  : 'targets -set -filter {jtag_cable_name =~ "Digilent Zed 210248445761" && level==0} -index 1' command is executed.
17:45:05 INFO  : FPGA configured successfully with bitstream "/home/brett/workspace/Vivado_WS/ethernet-fmc-network-tap/Vivado/zedboard_network_tap/zedboard_network_tap.sdk/design_1_wrapper_hw_platform_0/design_1_wrapper.bit"
17:45:12 INFO  : Processor reset is completed for ps7_cortexa9_0
08:42:08 ERROR : Unexpected error while parsing XMD response ￿: com.google.gson.JsonSyntaxException: com.google.gson.stream.MalformedJsonException: invalid number or unquoted string near 
08:42:47 INFO  : Launching XSDB server: xsdb -n -interactive /home/brett/workspace/Vivado_WS/ethernet-fmc-network-tap/Vivado/zedboard_network_tap/zedboard_network_tap.sdk/temp_xsdb_launch_script.tcl
08:42:48 INFO  : XSDB server has started successfully.
08:42:51 INFO  : Processing command line option -hwspec /home/brett/workspace/Vivado_WS/ethernet-fmc-network-tap/Vivado/zedboard_network_tap/zedboard_network_tap.sdk/design_1_wrapper.hdf.
08:42:52 INFO  : Checking for hwspec changes in the project design_1_wrapper_hw_platform_0.
08:42:52 INFO  : SDK has detected change in the last modified timestamps for source hardware specification file Source:1470400939000,  Project:1470346997000
08:42:52 INFO  : The hardware specification for project 'design_1_wrapper_hw_platform_0' is different from /home/brett/workspace/Vivado_WS/ethernet-fmc-network-tap/Vivado/zedboard_network_tap/zedboard_network_tap.sdk/design_1_wrapper.hdf.
08:42:52 INFO  : Copied contents of /home/brett/workspace/Vivado_WS/ethernet-fmc-network-tap/Vivado/zedboard_network_tap/zedboard_network_tap.sdk/design_1_wrapper.hdf into /design_1_wrapper_hw_platform_0/system.hdf.
08:42:56 INFO  : Synchronizing projects in the workspace with the hardware platform specification changes.
08:42:57 INFO  : 
08:42:58 INFO  : Updating hardware inferred compiler options for echo_server.
08:42:58 INFO  : Clearing existing target manager status.
08:42:59 INFO  : Closing and re-opening the MSS file of ther project echo_server_bsp
08:43:00 INFO  : Workspace synchronized with the new hardware specification file. Cleaning dependent projects...
08:43:00 WARN  : Linker script will not be updated automatically. Users need to update it manually.
08:43:14 INFO  : Connected to target on host '127.0.0.1' and port '3121'.
08:43:15 INFO  : 'targets -set -filter {jtag_cable_name =~ "Digilent Zed 210248445761" && level==0} -index 1' command is executed.
08:43:17 INFO  : FPGA configured successfully with bitstream "/home/brett/workspace/Vivado_WS/ethernet-fmc-network-tap/Vivado/zedboard_network_tap/zedboard_network_tap.sdk/design_1_wrapper_hw_platform_0/design_1_wrapper.bit"
08:43:24 INFO  : Processor reset is completed for ps7_cortexa9_0
08:47:56 INFO  : Processor reset is completed for ps7_cortexa9_0
08:48:49 INFO  : Processor reset is completed for ps7_cortexa9_0
